<?xml version="1.0" encoding="UTF-8"?>
<!-- Generated by org.testng.reporters.JUnitReportReporter -->
<testsuite skipped="0" hostname="AKSHAYSURWASE" name="MyJenkinsTest.MyJenkinsDemo" tests="1" failures="0" timestamp="14 Sep 2019 08:10:45 GMT" time="16.223" errors="0">
  <testcase name="VerifyTitle" time="16.223" classname="MyJenkinsTest.MyJenkinsDemo"/>
</testsuite> <!-- MyJenkinsTest.MyJenkinsDemo -->
