<?xml version="1.0" encoding="UTF-8"?>
<!-- Generated by org.testng.reporters.JUnitReportReporter -->
<testsuite hostname="AKSHAYSURWASE" name="MyJenkinsTest.MyJenkinsDemo" tests="1" failures="0" timestamp="22 Sep 2019 06:27:20 GMT" time="73.515" errors="0">
  <testcase name="VerifyTitle" time="73.515" classname="MyJenkinsTest.MyJenkinsDemo"/>
</testsuite> <!-- MyJenkinsTest.MyJenkinsDemo -->
